Program Version,EnergyPlus, Version 24.2.0-94a887817b, YMD=2024.12.18 18:26,
   ** Warning ** Version: in IDF="24.1" not the same as expected="24.2"
   ** Warning ** Version: in IDF="24.1" not the same as expected="24.2"
   ** Warning ** Timestep: Requested number (1) is less than the suggested minimum of 4.
   **   ~~~   ** Please see entry for Timestep in Input/Output Reference for discussion of considerations.
   ************* Beginning Zone Sizing Calculations
   ** Warning ** GetHTSurfaceData: Surfaces with interface to Ground found but no "Ground Temperatures" were input.
   **   ~~~   ** Found first in surface=FACE 0
   **   ~~~   ** Defaults, constant throughout the year of (18.0) will be used.
   ** Warning ** CheckUsedConstructions: There are 6 nominally unused constructions in input.
   **   ~~~   ** For explicit details on each unused construction, use Output:Diagnostics,DisplayExtraWarnings;
   ** Warning ** Calculated design heating load for zone=TZ-1 is zero.
   **   ~~~   ** Check Sizing:Zone and ZoneControl:Thermostat inputs.
   ** Warning ** UpdateZoneSizing: Cooling supply air temperature (calculated) within 5C of zone temperature
   **   ~~~   ** ...check zone thermostat set point and design supply air temperatures
   **   ~~~   ** ...zone name = TZ-1
   **   ~~~   ** ...design sensible cooling load = 45.91 W
   **   ~~~   ** ...thermostat set point temp    = 24.000 C
   **   ~~~   ** ...zone temperature             = 18.000 C
   **   ~~~   ** ...supply air temperature       = 14.000 C
   **   ~~~   ** ...temperature difference       = -4.00000 C
   **   ~~~   ** ...calculated volume flow rate  = 1.04100E-002 m3/s
   **   ~~~   ** ...calculated mass flow rate    = 1.12447E-002 kg/s
   ************* Beginning System Sizing Calculations
   ** Warning ** ManageSizing: Calculated Heating Design Air Flow Rate for System=AIR LOOP HVAC 1 is zero.
   **   ~~~   ** Check Sizing:Zone and ZoneControl:Thermostat inputs.
   ** Warning ** ManageSizing: For a plant sizing run, there must be at least 1 Sizing:Plant object input. SimulationControl Plant Sizing option ignored.
   ** Warning ** GetOAControllerInputs: Controller:MechanicalVentilation="CONTROLLER MECHANICAL VENTILATION 1"
   **   ~~~   ** Cannot locate a matching DesignSpecification:ZoneAirDistribution object for Zone="TZ-1".
   **   ~~~   ** Using default zone air distribution effectiveness of 1.0 for heating and cooling.
   ************* Testing Individual Branch Integrity
   ************* All Branches passed integrity testing
   ************* Testing Individual Supply Air Path Integrity
   ************* All Supply Air Paths passed integrity testing
   ************* Testing Individual Return Air Path Integrity
   ************* All Return Air Paths passed integrity testing
   ************* No node connection errors were found.
   ************* Beginning Simulation
   ** Warning ** The resource referenced by LifeCycleCost:UsePriceEscalation= "U.S. AVG  COMMERCIAL-ELECTRICITY" has no energy cost. 
   **   ~~~   ** ... It is likely that the wrong resource is used. The resource should match the meter used in Utility:Tariff.
   ** Warning ** The resource referenced by LifeCycleCost:UsePriceEscalation= "U.S. AVG  COMMERCIAL-DISTILLATE OIL" has no energy cost. 
   **   ~~~   ** ... It is likely that the wrong resource is used. The resource should match the meter used in Utility:Tariff.
   ** Warning ** The resource referenced by LifeCycleCost:UsePriceEscalation= "U.S. AVG  COMMERCIAL-RESIDUAL OIL" has no energy cost. 
   **   ~~~   ** ... It is likely that the wrong resource is used. The resource should match the meter used in Utility:Tariff.
   ** Warning ** The resource referenced by LifeCycleCost:UsePriceEscalation= "U.S. AVG  COMMERCIAL-NATURAL GAS" has no energy cost. 
   **   ~~~   ** ... It is likely that the wrong resource is used. The resource should match the meter used in Utility:Tariff.
   ** Warning ** The resource referenced by LifeCycleCost:UsePriceEscalation= "U.S. AVG  COMMERCIAL-COAL" has no energy cost. 
   **   ~~~   ** ... It is likely that the wrong resource is used. The resource should match the meter used in Utility:Tariff.
   ************* Simulation Error Summary *************
   ************* There are 9 unused schedules in input.
   ************* There are 9 unused week schedules in input.
   ************* There are 42 unused day schedules in input.
   ************* Use Output:Diagnostics,DisplayUnusedSchedules; to see them.
   *************
   ************* ===== Recurring Surface Error Summary =====
   ************* The following surface error messages occurred.
   *************
   ************* Base Surface does not surround subsurface errors occurring...
   ************* Check that the GlobalGeometryRules object is expressing the proper starting corner and direction [CounterClockwise/Clockwise]
   *************
   ** Warning ** Base surface does not surround subsurface (CHKSBS), Overlap Status=No-Overlap
   **   ~~~   **   The base surround errors occurred 1 times.
   **   ~~~   ** Surface "FACE 8" misses SubSurface "FACE 9"
   *************
   **   ~~~   **   The base surround errors occurred 1 times (total).
   *************
   *************
   ************* ===== Final Error Summary =====
   ************* The following error categories occurred.  Consider correcting or noting.
   ************* Nominally Unused Constructions
   ************* ..The nominally unused constructions warning is provided to alert you to potential conditions that can cause
   ************* ..extra time during simulation. Each construction is calculated by the algorithm indicated in the HeatBalanceAlgorithm
   ************* ..object. You may remove the constructions indicated (when you use the DisplayExtraWarnings option).
   *************
   ************* EnergyPlus Warmup Error Summary. During Warmup: 0 Warning; 0 Severe Errors.
   ************* EnergyPlus Sizing Error Summary. During Sizing: 6 Warning; 0 Severe Errors.
   ************* EnergyPlus Completed Successfully-- 16 Warning; 0 Severe Errors; Elapsed Time=00hr 01min 24.48sec
